<?xml version="1.0" encoding="UTF-8"?>
<!-- Generated by org.testng.reporters.JUnitReportReporter -->
<testsuite skipped="0" hostname="DESKTOP-7F2DNO4" name="com.training.sanity.tests.LoginTests" tests="1" failures="0" timestamp="07 Jan 2020 03:44:51 GMT" time="18.645" errors="0">
  <testcase name="validLoginTest" time="18.645" classname="com.training.sanity.tests.LoginTests"/>
</testsuite> <!-- com.training.sanity.tests.LoginTests -->
